<?xml version="1.0" encoding="UTF-8"?>
<testsuite name="com.example.test.MatrixMathematicsTest" tests="5" skipped="0" failures="0" errors="0" timestamp="2018-12-03T08:57:49" hostname="DESKTOP-U6DDDD6" time="0.013">
  <properties/>
  <testcase name="testCofactor" classname="com.example.test.MatrixMathematicsTest" time="0.011"/>
  <testcase name="testDeterminant_1" classname="com.example.test.MatrixMathematicsTest" time="0.0"/>
  <testcase name="testDeterminant_2" classname="com.example.test.MatrixMathematicsTest" time="0.0"/>
  <testcase name="testDeterminant_3" classname="com.example.test.MatrixMathematicsTest" time="0.001"/>
  <testcase name="testDeterminant_4" classname="com.example.test.MatrixMathematicsTest" time="0.0"/>
  <system-out><![CDATA[]]></system-out>
  <system-err><![CDATA[]]></system-err>
</testsuite>
